# JRE version: Java(TM) SE Runtime Environment (8.0_25-b17) (build 1.8.0_25-b17)
# Java VM: Java HotSpot(TM) 64-Bit Server VM (25.25-b02 mixed mode bsd-amd64 compressed oops)
Heap:
 PSYoungGen      total 216064K, used 82156K [0x000000076cb00000, 0x0000000781500000, 0x00000007c0000000)
  eden space 209920K, 39% used [0x000000076cb00000,0x0000000771b3b388,0x0000000779800000)
  from space 6144K, 0% used [0x000000077a000000,0x000000077a000000,0x000000077a600000)
  to   space 64000K, 0% used [0x000000077d680000,0x000000077d680000,0x0000000781500000)
 ParOldGen       total 334336K, used 175564K [0x00000006c6000000, 0x00000006da680000, 0x000000076cb00000)
  object space 334336K, 52% used [0x00000006c6000000,0x00000006d0b73218,0x00000006da680000)
 Metaspace       used 26614K, capacity 26924K, committed 27264K, reserved 1073152K
  class space    used 2832K, capacity 2892K, committed 2944K, reserved 1048576K
GC Heap History (10 events):
Event: 2074.089 GC heap before
{Heap before GC invocations=89 (full 30):
 PSYoungGen      total 275456K, used 48613K [0x000000076cb00000, 0x0000000781b80000, 0x00000007c0000000)
  eden space 226816K, 0% used [0x000000076cb00000,0x000000076cb00000,0x000000077a880000)
  from space 48640K, 99% used [0x000000077b100000,0x000000077e079428,0x000000077e080000)
  to   space 58880K, 0% used [0x000000077e200000,0x000000077e200000,0x0000000781b80000)
 ParOldGen       total 290304K, used 245998K [0x00000006c6000000, 0x00000006d7b80000, 0x000000076cb00000)
  object space 290304K, 84% used [0x00000006c6000000,0x00000006d503b940,0x00000006d7b80000)
 Metaspace       used 26584K, capacity 26860K, committed 27008K, reserved 1073152K
  class space    used 2832K, capacity 2892K, committed 2944K, reserved 1048576K
Event: 2074.156 GC heap after
Heap after GC invocations=89 (full 30):
 PSYoungGen      total 275456K, used 0K [0x000000076cb00000, 0x0000000781b80000, 0x00000007c0000000)
  eden space 226816K, 0% used [0x000000076cb00000,0x000000076cb00000,0x000000077a880000)
  from space 48640K, 0% used [0x000000077b100000,0x000000077b100000,0x000000077e080000)
  to   space 58880K, 0% used [0x000000077e200000,0x000000077e200000,0x0000000781b80000)
 ParOldGen       total 302592K, used 176445K [0x00000006c6000000, 0x00000006d8780000, 0x000000076cb00000)
  object space 302592K, 58% used [0x00000006c6000000,0x00000006d0c4f408,0x00000006d8780000)
 Metaspace       used 26584K, capacity 26860K, committed 27008K, reserved 1073152K
  class space    used 2832K, capacity 2892K, committed 2944K, reserved 1048576K
}
Event: 2156.196 GC heap before
{Heap before GC invocations=90 (full 30):
 PSYoungGen      total 275456K, used 226816K [0x000000076cb00000, 0x0000000781b80000, 0x00000007c0000000)
  eden space 226816K, 100% used [0x000000076cb00000,0x000000077a880000,0x000000077a880000)
  from space 48640K, 0% used [0x000000077b100000,0x000000077b100000,0x000000077e080000)
  to   space 58880K, 0% used [0x000000077e200000,0x000000077e200000,0x0000000781b80000)
 ParOldGen       total 302592K, used 176445K [0x00000006c6000000, 0x00000006d8780000, 0x000000076cb00000)
  object space 302592K, 58% used [0x00000006c6000000,0x00000006d0c4f408,0x00000006d8780000)
 Metaspace       used 26608K, capacity 26924K, committed 27264K, reserved 1073152K
  class space    used 2832K, capacity 2892K, committed 2944K, reserved 1048576K
Event: 2156.214 GC heap after
Heap after GC invocations=90 (full 30):
 PSYoungGen      total 276992K, used 48322K [0x000000076cb00000, 0x0000000782400000, 0x00000007c0000000)
  eden space 218112K, 0% used [0x000000076cb00000,0x000000076cb00000,0x000000077a000000)
  from space 58880K, 82% used [0x000000077e200000,0x0000000781130bb8,0x0000000781b80000)
  to   space 67584K, 0% used [0x000000077a000000,0x000000077a000000,0x000000077e200000)
 ParOldGen       total 302592K, used 259140K [0x00000006c6000000, 0x00000006d8780000, 0x000000076cb00000)
  object space 302592K, 85% used [0x00000006c6000000,0x00000006d5d11238,0x00000006d8780000)
 Metaspace       used 26608K, capacity 26924K, committed 27264K, reserved 1073152K
  class space    used 2832K, capacity 2892K, committed 2944K, reserved 1048576K
}
Event: 2156.214 GC heap before
{Heap before GC invocations=91 (full 31):
 PSYoungGen      total 276992K, used 48322K [0x000000076cb00000, 0x0000000782400000, 0x00000007c0000000)
  eden space 218112K, 0% used [0x000000076cb00000,0x000000076cb00000,0x000000077a000000)
  from space 58880K, 82% used [0x000000077e200000,0x0000000781130bb8,0x0000000781b80000)
  to   space 67584K, 0% used [0x000000077a000000,0x000000077a000000,0x000000077e200000)
 ParOldGen       total 302592K, used 259140K [0x00000006c6000000, 0x00000006d8780000, 0x000000076cb00000)
  object space 302592K, 85% used [0x00000006c6000000,0x00000006d5d11238,0x00000006d8780000)
 Metaspace       used 26608K, capacity 26924K, committed 27264K, reserved 1073152K
  class space    used 2832K, capacity 2892K, committed 2944K, reserved 1048576K
Event: 2156.279 GC heap after
Heap after GC invocations=91 (full 31):
 PSYoungGen      total 276992K, used 0K [0x000000076cb00000, 0x0000000782400000, 0x00000007c0000000)
  eden space 218112K, 0% used [0x000000076cb00000,0x000000076cb00000,0x000000077a000000)
  from space 58880K, 0% used [0x000000077e200000,0x000000077e200000,0x0000000781b80000)
  to   space 67584K, 0% used [0x000000077a000000,0x000000077a000000,0x000000077e200000)
 ParOldGen       total 334336K, used 187584K [0x00000006c6000000, 0x00000006da680000, 0x000000076cb00000)
  object space 334336K, 56% used [0x00000006c6000000,0x00000006d17301e0,0x00000006da680000)
 Metaspace       used 26608K, capacity 26924K, committed 27264K, reserved 1073152K
  class space    used 2832K, capacity 2892K, committed 2944K, reserved 1048576K
}
Event: 2162.590 GC heap before
{Heap before GC invocations=92 (full 31):
 PSYoungGen      total 276992K, used 134922K [0x000000076cb00000, 0x0000000782400000, 0x00000007c0000000)
  eden space 218112K, 61% used [0x000000076cb00000,0x0000000774ec2be8,0x000000077a000000)
  from space 58880K, 0% used [0x000000077e200000,0x000000077e200000,0x0000000781b80000)
  to   space 67584K, 0% used [0x000000077a000000,0x000000077a000000,0x000000077e200000)
 ParOldGen       total 334336K, used 187584K [0x00000006c6000000, 0x00000006da680000, 0x000000076cb00000)
  object space 334336K, 56% used [0x00000006c6000000,0x00000006d17301e0,0x00000006da680000)
 Metaspace       used 26613K, capacity 26924K, committed 27264K, reserved 1073152K
  class space    used 2832K, capacity 2892K, committed 2944K, reserved 1048576K
Event: 2162.592 GC heap after
Heap after GC invocations=92 (full 31):
 PSYoungGen      total 216064K, used 5970K [0x000000076cb00000, 0x0000000781500000, 0x00000007c0000000)
  eden space 209920K, 0% used [0x000000076cb00000,0x000000076cb00000,0x0000000779800000)
  from space 6144K, 97% used [0x000000077a000000,0x000000077a5d49f0,0x000000077a600000)
  to   space 64000K, 0% used [0x000000077d680000,0x000000077d680000,0x0000000781500000)
 ParOldGen       total 334336K, used 187592K [0x00000006c6000000, 0x00000006da680000, 0x000000076cb00000)
  object space 334336K, 56% used [0x00000006c6000000,0x00000006d17321e0,0x00000006da680000)
 Metaspace       used 26613K, capacity 26924K, committed 27264K, reserved 1073152K
  class space    used 2832K, capacity 2892K, committed 2944K, reserved 1048576K
}
Event: 2162.592 GC heap before
{Heap before GC invocations=93 (full 32):
 PSYoungGen      total 216064K, used 5970K [0x000000076cb00000, 0x0000000781500000, 0x00000007c0000000)
  eden space 209920K, 0% used [0x000000076cb00000,0x000000076cb00000,0x0000000779800000)
  from space 6144K, 97% used [0x000000077a000000,0x000000077a5d49f0,0x000000077a600000)
  to   space 64000K, 0% used [0x000000077d680000,0x000000077d680000,0x0000000781500000)
 ParOldGen       total 334336K, used 187592K [0x00000006c6000000, 0x00000006da680000, 0x000000076cb00000)
  object space 334336K, 56% used [0x00000006c6000000,0x00000006d17321e0,0x00000006da680000)
 Metaspace       used 26613K, capacity 26924K, committed 27264K, reserved 1073152K
  class space    used 2832K, capacity 2892K, committed 2944K, reserved 1048576K
Event: 2162.732 GC heap after
Heap after GC invocations=93 (full 32):
 PSYoungGen      total 216064K, used 0K [0x000000076cb00000, 0x0000000781500000, 0x00000007c0000000)
  eden space 209920K, 0% used [0x000000076cb00000,0x000000076cb00000,0x0000000779800000)
  from space 6144K, 0% used [0x000000077a000000,0x000000077a000000,0x000000077a600000)
  to   space 64000K, 0% used [0x000000077d680000,0x000000077d680000,0x0000000781500000)
 ParOldGen       total 334336K, used 175564K [0x00000006c6000000, 0x00000006da680000, 0x000000076cb00000)
  object space 334336K, 52% used [0x00000006c6000000,0x00000006d0b73218,0x00000006da680000)
 Metaspace       used 26613K, capacity 26924K, committed 27264K, reserved 1073152K
  class space    used 2832K, capacity 2892K, committed 2944K, reserved 1048576K
}

