# JRE version: Java(TM) SE Runtime Environment (8.0_25-b17) (build 1.8.0_25-b17)
# Java VM: Java HotSpot(TM) 64-Bit Server VM (25.25-b02 mixed mode bsd-amd64 compressed oops)
Heap:
 PSYoungGen      total 214528K, used 18420K [0x00000006c6000000, 0x00000006d7f80000, 0x00000007c0000000)
  eden space 203776K, 3% used [0x00000006c6000000,0x00000006c67f4850,0x00000006d2700000)
  from space 10752K, 95% used [0x00000006d7500000,0x00000006d7f088b0,0x00000006d7f80000)
  to   space 31744K, 0% used [0x00000006d4180000,0x00000006d4180000,0x00000006d6080000)
 ParOldGen       total 195584K, used 168345K [0x00000004d2000000, 0x00000004ddf00000, 0x00000006c6000000)
  object space 195584K, 86% used [0x00000004d2000000,0x00000004dc466660,0x00000004ddf00000)
 Metaspace       used 23624K, capacity 23928K, committed 24240K, reserved 1071104K
  class space    used 2657K, capacity 2736K, committed 2736K, reserved 1048576K
GC Heap History (10 events):
Event: 34739.925 GC heap before
{Heap before GC invocations=78 (full 8):
 PSYoungGen      total 189440K, used 157728K [0x00000006c6000000, 0x00000006d5580000, 0x00000007c0000000)
  eden space 154624K, 100% used [0x00000006c6000000,0x00000006cf700000,0x00000006cf700000)
  from space 34816K, 8% used [0x00000006cf700000,0x00000006cfa083b8,0x00000006d1900000)
  to   space 33280K, 0% used [0x00000006d3500000,0x00000006d3500000,0x00000006d5580000)
 ParOldGen       total 195584K, used 163140K [0x00000004d2000000, 0x00000004ddf00000, 0x00000006c6000000)
  object space 195584K, 83% used [0x00000004d2000000,0x00000004dbf512b0,0x00000004ddf00000)
 Metaspace       used 23623K, capacity 23928K, committed 24240K, reserved 1071104K
  class space    used 2657K, capacity 2736K, committed 2736K, reserved 1048576K
Event: 34739.946 GC heap after
Heap after GC invocations=78 (full 8):
 PSYoungGen      total 211456K, used 33195K [0x00000006c6000000, 0x00000006d6200000, 0x00000007c0000000)
  eden space 178176K, 0% used [0x00000006c6000000,0x00000006c6000000,0x00000006d0e00000)
  from space 33280K, 99% used [0x00000006d3500000,0x00000006d556ac48,0x00000006d5580000)
  to   space 39936K, 0% used [0x00000006d0e00000,0x00000006d0e00000,0x00000006d3500000)
 ParOldGen       total 195584K, used 167661K [0x00000004d2000000, 0x00000004ddf00000, 0x00000006c6000000)
  object space 195584K, 85% used [0x00000004d2000000,0x00000004dc3bb620,0x00000004ddf00000)
 Metaspace       used 23623K, capacity 23928K, committed 24240K, reserved 1071104K
  class space    used 2657K, capacity 2736K, committed 2736K, reserved 1048576K
}
Event: 34740.261 GC heap before
{Heap before GC invocations=79 (full 8):
 PSYoungGen      total 211456K, used 206094K [0x00000006c6000000, 0x00000006d6200000, 0x00000007c0000000)
  eden space 178176K, 97% used [0x00000006c6000000,0x00000006d08d8d68,0x00000006d0e00000)
  from space 33280K, 99% used [0x00000006d3500000,0x00000006d556ac48,0x00000006d5580000)
  to   space 39936K, 0% used [0x00000006d0e00000,0x00000006d0e00000,0x00000006d3500000)
 ParOldGen       total 195584K, used 167661K [0x00000004d2000000, 0x00000004ddf00000, 0x00000006c6000000)
  object space 195584K, 85% used [0x00000004d2000000,0x00000004dc3bb620,0x00000004ddf00000)
 Metaspace       used 23623K, capacity 23928K, committed 24240K, reserved 1071104K
  class space    used 2657K, capacity 2736K, committed 2736K, reserved 1048576K
Event: 34740.263 GC heap after
Heap after GC invocations=79 (full 8):
 PSYoungGen      total 218112K, used 6803K [0x00000006c6000000, 0x00000006d7900000, 0x00000007c0000000)
  eden space 178176K, 0% used [0x00000006c6000000,0x00000006c6000000,0x00000006d0e00000)
  from space 39936K, 17% used [0x00000006d0e00000,0x00000006d14a4c80,0x00000006d3500000)
  to   space 37888K, 0% used [0x00000006d5400000,0x00000006d5400000,0x00000006d7900000)
 ParOldGen       total 195584K, used 168053K [0x00000004d2000000, 0x00000004ddf00000, 0x00000006c6000000)
  object space 195584K, 85% used [0x00000004d2000000,0x00000004dc41d550,0x00000004ddf00000)
 Metaspace       used 23623K, capacity 23928K, committed 24240K, reserved 1071104K
  class space    used 2657K, capacity 2736K, committed 2736K, reserved 1048576K
}
Event: 34740.539 GC heap before
{Heap before GC invocations=80 (full 8):
 PSYoungGen      total 218112K, used 184979K [0x00000006c6000000, 0x00000006d7900000, 0x00000007c0000000)
  eden space 178176K, 100% used [0x00000006c6000000,0x00000006d0e00000,0x00000006d0e00000)
  from space 39936K, 17% used [0x00000006d0e00000,0x00000006d14a4c80,0x00000006d3500000)
  to   space 37888K, 0% used [0x00000006d5400000,0x00000006d5400000,0x00000006d7900000)
 ParOldGen       total 195584K, used 168053K [0x00000004d2000000, 0x00000004ddf00000, 0x00000006c6000000)
  object space 195584K, 85% used [0x00000004d2000000,0x00000004dc41d550,0x00000004ddf00000)
 Metaspace       used 23624K, capacity 23928K, committed 24240K, reserved 1071104K
  class space    used 2657K, capacity 2736K, committed 2736K, reserved 1048576K
Event: 34740.541 GC heap after
Heap after GC invocations=80 (full 8):
 PSYoungGen      total 245760K, used 3042K [0x00000006c6000000, 0x00000006d7580000, 0x00000007c0000000)
  eden space 211456K, 0% used [0x00000006c6000000,0x00000006c6000000,0x00000006d2e80000)
  from space 34304K, 8% used [0x00000006d5400000,0x00000006d56f8978,0x00000006d7580000)
  to   space 36352K, 0% used [0x00000006d2e80000,0x00000006d2e80000,0x00000006d5200000)
 ParOldGen       total 195584K, used 168257K [0x00000004d2000000, 0x00000004ddf00000, 0x00000006c6000000)
  object space 195584K, 86% used [0x00000004d2000000,0x00000004dc450660,0x00000004ddf00000)
 Metaspace       used 23624K, capacity 23928K, committed 24240K, reserved 1071104K
  class space    used 2657K, capacity 2736K, committed 2736K, reserved 1048576K
}
Event: 34754.737 GC heap before
{Heap before GC invocations=81 (full 8):
 PSYoungGen      total 245760K, used 210619K [0x00000006c6000000, 0x00000006d7580000, 0x00000007c0000000)
  eden space 211456K, 98% used [0x00000006c6000000,0x00000006d2ab6660,0x00000006d2e80000)
  from space 34304K, 8% used [0x00000006d5400000,0x00000006d56f8978,0x00000006d7580000)
  to   space 36352K, 0% used [0x00000006d2e80000,0x00000006d2e80000,0x00000006d5200000)
 ParOldGen       total 195584K, used 168257K [0x00000004d2000000, 0x00000004ddf00000, 0x00000006c6000000)
  object space 195584K, 86% used [0x00000004d2000000,0x00000004dc450660,0x00000004ddf00000)
 Metaspace       used 23624K, capacity 23928K, committed 24240K, reserved 1071104K
  class space    used 2657K, capacity 2736K, committed 2736K, reserved 1048576K
Event: 34754.741 GC heap after
Heap after GC invocations=81 (full 8):
 PSYoungGen      total 247808K, used 9562K [0x00000006c6000000, 0x00000006d9600000, 0x00000007c0000000)
  eden space 211456K, 0% used [0x00000006c6000000,0x00000006c6000000,0x00000006d2e80000)
  from space 36352K, 26% used [0x00000006d2e80000,0x00000006d37d6aa0,0x00000006d5200000)
  to   space 33792K, 0% used [0x00000006d7500000,0x00000006d7500000,0x00000006d9600000)
 ParOldGen       total 195584K, used 168281K [0x00000004d2000000, 0x00000004ddf00000, 0x00000006c6000000)
  object space 195584K, 86% used [0x00000004d2000000,0x00000004dc456660,0x00000004ddf00000)
 Metaspace       used 23624K, capacity 23928K, committed 24240K, reserved 1071104K
  class space    used 2657K, capacity 2736K, committed 2736K, reserved 1048576K
}
Event: 34761.677 GC heap before
{Heap before GC invocations=82 (full 8):
 PSYoungGen      total 247808K, used 221018K [0x00000006c6000000, 0x00000006d9600000, 0x00000007c0000000)
  eden space 211456K, 100% used [0x00000006c6000000,0x00000006d2e80000,0x00000006d2e80000)
  from space 36352K, 26% used [0x00000006d2e80000,0x00000006d37d6aa0,0x00000006d5200000)
  to   space 33792K, 0% used [0x00000006d7500000,0x00000006d7500000,0x00000006d9600000)
 ParOldGen       total 195584K, used 168281K [0x00000004d2000000, 0x00000004ddf00000, 0x00000006c6000000)
  object space 195584K, 86% used [0x00000004d2000000,0x00000004dc456660,0x00000004ddf00000)
 Metaspace       used 23624K, capacity 23928K, committed 24240K, reserved 1071104K
  class space    used 2657K, capacity 2736K, committed 2736K, reserved 1048576K
Event: 34761.694 GC heap after
Heap after GC invocations=82 (full 8):
 PSYoungGen      total 214528K, used 10274K [0x00000006c6000000, 0x00000006d7f80000, 0x00000007c0000000)
  eden space 203776K, 0% used [0x00000006c6000000,0x00000006c6000000,0x00000006d2700000)
  from space 10752K, 95% used [0x00000006d7500000,0x00000006d7f088b0,0x00000006d7f80000)
  to   space 31744K, 0% used [0x00000006d4180000,0x00000006d4180000,0x00000006d6080000)
 ParOldGen       total 195584K, used 168345K [0x00000004d2000000, 0x00000004ddf00000, 0x00000006c6000000)
  object space 195584K, 86% used [0x00000004d2000000,0x00000004dc466660,0x00000004ddf00000)
 Metaspace       used 23624K, capacity 23928K, committed 24240K, reserved 1071104K
  class space    used 2657K, capacity 2736K, committed 2736K, reserved 1048576K
}

