# JRE version: Java(TM) SE Runtime Environment (8.0_25-b17) (build 1.8.0_25-b17)
# Java VM: Java HotSpot(TM) 64-Bit Server VM (25.25-b02 mixed mode bsd-amd64 compressed oops)
Heap:
 PSYoungGen      total 3985408K, used 3799340K [0x00000006c6000000, 0x00000007bf680000, 0x00000007c0000000)
  eden space 3984896K, 95% used [0x00000006c6000000,0x00000007ade4b1a0,0x00000007b9380000)
  from space 512K, 0% used [0x00000007b9380000,0x00000007b9380000,0x00000007b9400000)
  to   space 50688K, 0% used [0x00000007bc500000,0x00000007bc500000,0x00000007bf680000)
 ParOldGen       total 1818624K, used 1504042K [0x00000004d2000000, 0x0000000541000000, 0x00000006c6000000)
  object space 1818624K, 82% used [0x00000004d2000000,0x000000052dcca9d0,0x0000000541000000)
 Metaspace       used 31008K, capacity 31322K, committed 31488K, reserved 1077248K
  class space    used 3176K, capacity 3277K, committed 3328K, reserved 1048576K
GC Heap History (10 events):
Event: 164683.900 GC heap before
{Heap before GC invocations=3646 (full 725):
 PSYoungGen      total 4011520K, used 3972000K [0x00000006c6000000, 0x00000007bf200000, 0x00000007c0000000)
  eden space 3960832K, 100% used [0x00000006c6000000,0x00000007b7c00000,0x00000007b7c00000)
  from space 50688K, 22% used [0x00000007bc080000,0x00000007bcb68380,0x00000007bf200000)
  to   space 60416K, 0% used [0x00000007b7c00000,0x00000007b7c00000,0x00000007bb700000)
 ParOldGen       total 1818624K, used 1694570K [0x00000004d2000000, 0x0000000541000000, 0x00000006c6000000)
  object space 1818624K, 93% used [0x00000004d2000000,0x00000005396da9e0,0x0000000541000000)
 Metaspace       used 30985K, capacity 31322K, committed 31488K, reserved 1077248K
  class space    used 3176K, capacity 3277K, committed 3328K, reserved 1048576K
Event: 164683.909 GC heap after
Heap after GC invocations=3646 (full 725):
 PSYoungGen      total 4021248K, used 11054K [0x00000006c6000000, 0x00000007c0000000, 0x00000007c0000000)
  eden space 3960832K, 0% used [0x00000006c6000000,0x00000006c6000000,0x00000007b7c00000)
  from space 60416K, 18% used [0x00000007b7c00000,0x00000007b86cb960,0x00000007bb700000)
  to   space 55808K, 0% used [0x00000007bc980000,0x00000007bc980000,0x00000007c0000000)
 ParOldGen       total 1818624K, used 1697122K [0x00000004d2000000, 0x0000000541000000, 0x00000006c6000000)
  object space 1818624K, 93% used [0x00000004d2000000,0x0000000539958a68,0x0000000541000000)
 Metaspace       used 30985K, capacity 31322K, committed 31488K, reserved 1077248K
  class space    used 3176K, capacity 3277K, committed 3328K, reserved 1048576K
}
Event: 164685.200 GC heap before
{Heap before GC invocations=3647 (full 725):
 PSYoungGen      total 4021248K, used 2604117K [0x00000006c6000000, 0x00000007c0000000, 0x00000007c0000000)
  eden space 3960832K, 65% used [0x00000006c6000000,0x0000000764449bd8,0x00000007b7c00000)
  from space 60416K, 18% used [0x00000007b7c00000,0x00000007b86cb960,0x00000007bb700000)
  to   space 55808K, 0% used [0x00000007bc980000,0x00000007bc980000,0x00000007c0000000)
 ParOldGen       total 1818624K, used 1697122K [0x00000004d2000000, 0x0000000541000000, 0x00000006c6000000)
  object space 1818624K, 93% used [0x00000004d2000000,0x0000000539958a68,0x0000000541000000)
 Metaspace       used 30985K, capacity 31322K, committed 31488K, reserved 1077248K
  class space    used 3176K, capacity 3277K, committed 3328K, reserved 1048576K
Event: 164685.220 GC heap after
Heap after GC invocations=3647 (full 725):
 PSYoungGen      total 4034048K, used 9497K [0x00000006c6000000, 0x00000007bf980000, 0x00000007c0000000)
  eden space 3984896K, 0% used [0x00000006c6000000,0x00000006c6000000,0x00000007b9380000)
  from space 49152K, 19% used [0x00000007bc980000,0x00000007bd2c6608,0x00000007bf980000)
  to   space 52224K, 0% used [0x00000007b9380000,0x00000007b9380000,0x00000007bc680000)
 ParOldGen       total 1818624K, used 1702849K [0x00000004d2000000, 0x0000000541000000, 0x00000006c6000000)
  object space 1818624K, 93% used [0x00000004d2000000,0x0000000539ef04f0,0x0000000541000000)
 Metaspace       used 30985K, capacity 31322K, committed 31488K, reserved 1077248K
  class space    used 3176K, capacity 3277K, committed 3328K, reserved 1048576K
}
Event: 164685.220 GC heap before
{Heap before GC invocations=3648 (full 726):
 PSYoungGen      total 4034048K, used 9497K [0x00000006c6000000, 0x00000007bf980000, 0x00000007c0000000)
  eden space 3984896K, 0% used [0x00000006c6000000,0x00000006c6000000,0x00000007b9380000)
  from space 49152K, 19% used [0x00000007bc980000,0x00000007bd2c6608,0x00000007bf980000)
  to   space 52224K, 0% used [0x00000007b9380000,0x00000007b9380000,0x00000007bc680000)
 ParOldGen       total 1818624K, used 1702849K [0x00000004d2000000, 0x0000000541000000, 0x00000006c6000000)
  object space 1818624K, 93% used [0x00000004d2000000,0x0000000539ef04f0,0x0000000541000000)
 Metaspace       used 30985K, capacity 31322K, committed 31488K, reserved 1077248K
  class space    used 3176K, capacity 3277K, committed 3328K, reserved 1048576K
Event: 164685.783 GC heap after
Heap after GC invocations=3648 (full 726):
 PSYoungGen      total 4034048K, used 0K [0x00000006c6000000, 0x00000007bf980000, 0x00000007c0000000)
  eden space 3984896K, 0% used [0x00000006c6000000,0x00000006c6000000,0x00000007b9380000)
  from space 49152K, 0% used [0x00000007bc980000,0x00000007bc980000,0x00000007bf980000)
  to   space 52224K, 0% used [0x00000007b9380000,0x00000007b9380000,0x00000007bc680000)
 ParOldGen       total 1818624K, used 1504044K [0x00000004d2000000, 0x0000000541000000, 0x00000006c6000000)
  object space 1818624K, 82% used [0x00000004d2000000,0x000000052dccb140,0x0000000541000000)
 Metaspace       used 30985K, capacity 31322K, committed 31488K, reserved 1077248K
  class space    used 3176K, capacity 3277K, committed 3328K, reserved 1048576K
}
Event: 164685.783 GC heap before
{Heap before GC invocations=3649 (full 726):
 PSYoungGen      total 4034048K, used 252K [0x00000006c6000000, 0x00000007bf980000, 0x00000007c0000000)
  eden space 3984896K, 0% used [0x00000006c6000000,0x00000006c603f290,0x00000007b9380000)
  from space 49152K, 0% used [0x00000007bc980000,0x00000007bc980000,0x00000007bf980000)
  to   space 52224K, 0% used [0x00000007b9380000,0x00000007b9380000,0x00000007bc680000)
 ParOldGen       total 1818624K, used 1504044K [0x00000004d2000000, 0x0000000541000000, 0x00000006c6000000)
  object space 1818624K, 82% used [0x00000004d2000000,0x000000052dccb140,0x0000000541000000)
 Metaspace       used 30985K, capacity 31322K, committed 31488K, reserved 1077248K
  class space    used 3176K, capacity 3277K, committed 3328K, reserved 1048576K
Event: 164685.792 GC heap after
Heap after GC invocations=3649 (full 726):
 PSYoungGen      total 3985408K, used 0K [0x00000006c6000000, 0x00000007bf680000, 0x00000007c0000000)
  eden space 3984896K, 0% used [0x00000006c6000000,0x00000006c6000000,0x00000007b9380000)
  from space 512K, 0% used [0x00000007b9380000,0x00000007b9380000,0x00000007b9400000)
  to   space 50688K, 0% used [0x00000007bc500000,0x00000007bc500000,0x00000007bf680000)
 ParOldGen       total 1818624K, used 1504044K [0x00000004d2000000, 0x0000000541000000, 0x00000006c6000000)
  object space 1818624K, 82% used [0x00000004d2000000,0x000000052dccb140,0x0000000541000000)
 Metaspace       used 30985K, capacity 31322K, committed 31488K, reserved 1077248K
  class space    used 3176K, capacity 3277K, committed 3328K, reserved 1048576K
}
Event: 164685.792 GC heap before
{Heap before GC invocations=3650 (full 727):
 PSYoungGen      total 3985408K, used 0K [0x00000006c6000000, 0x00000007bf680000, 0x00000007c0000000)
  eden space 3984896K, 0% used [0x00000006c6000000,0x00000006c6000000,0x00000007b9380000)
  from space 512K, 0% used [0x00000007b9380000,0x00000007b9380000,0x00000007b9400000)
  to   space 50688K, 0% used [0x00000007bc500000,0x00000007bc500000,0x00000007bf680000)
 ParOldGen       total 1818624K, used 1504044K [0x00000004d2000000, 0x0000000541000000, 0x00000006c6000000)
  object space 1818624K, 82% used [0x00000004d2000000,0x000000052dccb140,0x0000000541000000)
 Metaspace       used 30985K, capacity 31322K, committed 31488K, reserved 1077248K
  class space    used 3176K, capacity 3277K, committed 3328K, reserved 1048576K
Event: 164686.293 GC heap after
Heap after GC invocations=3650 (full 727):
 PSYoungGen      total 3985408K, used 0K [0x00000006c6000000, 0x00000007bf680000, 0x00000007c0000000)
  eden space 3984896K, 0% used [0x00000006c6000000,0x00000006c6000000,0x00000007b9380000)
  from space 512K, 0% used [0x00000007b9380000,0x00000007b9380000,0x00000007b9400000)
  to   space 50688K, 0% used [0x00000007bc500000,0x00000007bc500000,0x00000007bf680000)
 ParOldGen       total 1818624K, used 1504042K [0x00000004d2000000, 0x0000000541000000, 0x00000006c6000000)
  object space 1818624K, 82% used [0x00000004d2000000,0x000000052dcca9d0,0x0000000541000000)
 Metaspace       used 30985K, capacity 31322K, committed 31488K, reserved 1077248K
  class space    used 3176K, capacity 3277K, committed 3328K, reserved 1048576K
}

