# JRE version: Java(TM) SE Runtime Environment (8.0_25-b17) (build 1.8.0_25-b17)
# Java VM: Java HotSpot(TM) 64-Bit Server VM (25.25-b02 mixed mode bsd-amd64 compressed oops)
Heap:
 PSYoungGen      total 1363456K, used 905098K [0x000000076cb00000, 0x00000007c0000000, 0x00000007c0000000)
  eden space 1361920K, 66% used [0x000000076cb00000,0x00000007a3e721e8,0x00000007bfd00000)
  from space 1536K, 29% used [0x00000007bfd00000,0x00000007bfd708b0,0x00000007bfe80000)
  to   space 1536K, 0% used [0x00000007bfe80000,0x00000007bfe80000,0x00000007c0000000)
 ParOldGen       total 295936K, used 207711K [0x00000006c6000000, 0x00000006d8100000, 0x000000076cb00000)
  object space 295936K, 70% used [0x00000006c6000000,0x00000006d2ad7d20,0x00000006d8100000)
 Metaspace       used 20191K, capacity 20476K, committed 20864K, reserved 1067008K
  class space    used 2363K, capacity 2422K, committed 2432K, reserved 1048576K
GC Heap History (10 events):
Event: 504.223 GC heap before
{Heap before GC invocations=18390 (full 51):
 PSYoungGen      total 1363456K, used 1362536K [0x000000076cb00000, 0x00000007c0000000, 0x00000007c0000000)
  eden space 1361920K, 100% used [0x000000076cb00000,0x00000007bfd00000,0x00000007bfd00000)
  from space 1536K, 40% used [0x00000007bfe80000,0x00000007bff1a2c0,0x00000007c0000000)
  to   space 1536K, 0% used [0x00000007bfd00000,0x00000007bfd00000,0x00000007bfe80000)
 ParOldGen       total 295936K, used 205937K [0x00000006c6000000, 0x00000006d8100000, 0x000000076cb00000)
  object space 295936K, 69% used [0x00000006c6000000,0x00000006d291c760,0x00000006d8100000)
 Metaspace       used 20191K, capacity 20476K, committed 20864K, reserved 1067008K
  class space    used 2363K, capacity 2422K, committed 2432K, reserved 1048576K
Event: 504.224 GC heap after
Heap after GC invocations=18390 (full 51):
 PSYoungGen      total 1363456K, used 1079K [0x000000076cb00000, 0x00000007c0000000, 0x00000007c0000000)
  eden space 1361920K, 0% used [0x000000076cb00000,0x000000076cb00000,0x00000007bfd00000)
  from space 1536K, 70% used [0x00000007bfd00000,0x00000007bfe0dc48,0x00000007bfe80000)
  to   space 1536K, 0% used [0x00000007bfe80000,0x00000007bfe80000,0x00000007c0000000)
 ParOldGen       total 295936K, used 206226K [0x00000006c6000000, 0x00000006d8100000, 0x000000076cb00000)
  object space 295936K, 69% used [0x00000006c6000000,0x00000006d2964818,0x00000006d8100000)
 Metaspace       used 20191K, capacity 20476K, committed 20864K, reserved 1067008K
  class space    used 2363K, capacity 2422K, committed 2432K, reserved 1048576K
}
Event: 504.256 GC heap before
{Heap before GC invocations=18391 (full 51):
 PSYoungGen      total 1363456K, used 1362999K [0x000000076cb00000, 0x00000007c0000000, 0x00000007c0000000)
  eden space 1361920K, 100% used [0x000000076cb00000,0x00000007bfd00000,0x00000007bfd00000)
  from space 1536K, 70% used [0x00000007bfd00000,0x00000007bfe0dc48,0x00000007bfe80000)
  to   space 1536K, 0% used [0x00000007bfe80000,0x00000007bfe80000,0x00000007c0000000)
 ParOldGen       total 295936K, used 206226K [0x00000006c6000000, 0x00000006d8100000, 0x000000076cb00000)
  object space 295936K, 69% used [0x00000006c6000000,0x00000006d2964818,0x00000006d8100000)
 Metaspace       used 20191K, capacity 20476K, committed 20864K, reserved 1067008K
  class space    used 2363K, capacity 2422K, committed 2432K, reserved 1048576K
Event: 504.257 GC heap after
Heap after GC invocations=18391 (full 51):
 PSYoungGen      total 1363456K, used 578K [0x000000076cb00000, 0x00000007c0000000, 0x00000007c0000000)
  eden space 1361920K, 0% used [0x000000076cb00000,0x000000076cb00000,0x00000007bfd00000)
  from space 1536K, 37% used [0x00000007bfe80000,0x00000007bff108b0,0x00000007c0000000)
  to   space 1536K, 0% used [0x00000007bfd00000,0x00000007bfd00000,0x00000007bfe80000)
 ParOldGen       total 295936K, used 206775K [0x00000006c6000000, 0x00000006d8100000, 0x000000076cb00000)
  object space 295936K, 69% used [0x00000006c6000000,0x00000006d29edde8,0x00000006d8100000)
 Metaspace       used 20191K, capacity 20476K, committed 20864K, reserved 1067008K
  class space    used 2363K, capacity 2422K, committed 2432K, reserved 1048576K
}
Event: 504.289 GC heap before
{Heap before GC invocations=18392 (full 51):
 PSYoungGen      total 1363456K, used 1362498K [0x000000076cb00000, 0x00000007c0000000, 0x00000007c0000000)
  eden space 1361920K, 100% used [0x000000076cb00000,0x00000007bfd00000,0x00000007bfd00000)
  from space 1536K, 37% used [0x00000007bfe80000,0x00000007bff108b0,0x00000007c0000000)
  to   space 1536K, 0% used [0x00000007bfd00000,0x00000007bfd00000,0x00000007bfe80000)
 ParOldGen       total 295936K, used 206775K [0x00000006c6000000, 0x00000006d8100000, 0x000000076cb00000)
  object space 295936K, 69% used [0x00000006c6000000,0x00000006d29edde8,0x00000006d8100000)
 Metaspace       used 20191K, capacity 20476K, committed 20864K, reserved 1067008K
  class space    used 2363K, capacity 2422K, committed 2432K, reserved 1048576K
Event: 504.290 GC heap after
Heap after GC invocations=18392 (full 51):
 PSYoungGen      total 1363456K, used 710K [0x000000076cb00000, 0x00000007c0000000, 0x00000007c0000000)
  eden space 1361920K, 0% used [0x000000076cb00000,0x000000076cb00000,0x00000007bfd00000)
  from space 1536K, 46% used [0x00000007bfd00000,0x00000007bfdb1a10,0x00000007bfe80000)
  to   space 1536K, 0% used [0x00000007bfe80000,0x00000007bfe80000,0x00000007c0000000)
 ParOldGen       total 295936K, used 206922K [0x00000006c6000000, 0x00000006d8100000, 0x000000076cb00000)
  object space 295936K, 69% used [0x00000006c6000000,0x00000006d2a128d0,0x00000006d8100000)
 Metaspace       used 20191K, capacity 20476K, committed 20864K, reserved 1067008K
  class space    used 2363K, capacity 2422K, committed 2432K, reserved 1048576K
}
Event: 504.328 GC heap before
{Heap before GC invocations=18393 (full 51):
 PSYoungGen      total 1363456K, used 1362630K [0x000000076cb00000, 0x00000007c0000000, 0x00000007c0000000)
  eden space 1361920K, 100% used [0x000000076cb00000,0x00000007bfd00000,0x00000007bfd00000)
  from space 1536K, 46% used [0x00000007bfd00000,0x00000007bfdb1a10,0x00000007bfe80000)
  to   space 1536K, 0% used [0x00000007bfe80000,0x00000007bfe80000,0x00000007c0000000)
 ParOldGen       total 295936K, used 206922K [0x00000006c6000000, 0x00000006d8100000, 0x000000076cb00000)
  object space 295936K, 69% used [0x00000006c6000000,0x00000006d2a128d0,0x00000006d8100000)
 Metaspace       used 20191K, capacity 20476K, committed 20864K, reserved 1067008K
  class space    used 2363K, capacity 2422K, committed 2432K, reserved 1048576K
Event: 504.330 GC heap after
Heap after GC invocations=18393 (full 51):
 PSYoungGen      total 1363456K, used 932K [0x000000076cb00000, 0x00000007c0000000, 0x00000007c0000000)
  eden space 1361920K, 0% used [0x000000076cb00000,0x000000076cb00000,0x00000007bfd00000)
  from space 1536K, 60% used [0x00000007bfe80000,0x00000007bff69160,0x00000007c0000000)
  to   space 1536K, 0% used [0x00000007bfd00000,0x00000007bfd00000,0x00000007bfe80000)
 ParOldGen       total 295936K, used 207268K [0x00000006c6000000, 0x00000006d8100000, 0x000000076cb00000)
  object space 295936K, 70% used [0x00000006c6000000,0x00000006d2a69238,0x00000006d8100000)
 Metaspace       used 20191K, capacity 20476K, committed 20864K, reserved 1067008K
  class space    used 2363K, capacity 2422K, committed 2432K, reserved 1048576K
}
Event: 504.363 GC heap before
{Heap before GC invocations=18394 (full 51):
 PSYoungGen      total 1363456K, used 1362852K [0x000000076cb00000, 0x00000007c0000000, 0x00000007c0000000)
  eden space 1361920K, 100% used [0x000000076cb00000,0x00000007bfd00000,0x00000007bfd00000)
  from space 1536K, 60% used [0x00000007bfe80000,0x00000007bff69160,0x00000007c0000000)
  to   space 1536K, 0% used [0x00000007bfd00000,0x00000007bfd00000,0x00000007bfe80000)
 ParOldGen       total 295936K, used 207268K [0x00000006c6000000, 0x00000006d8100000, 0x000000076cb00000)
  object space 295936K, 70% used [0x00000006c6000000,0x00000006d2a69238,0x00000006d8100000)
 Metaspace       used 20191K, capacity 20476K, committed 20864K, reserved 1067008K
  class space    used 2363K, capacity 2422K, committed 2432K, reserved 1048576K
Event: 504.365 GC heap after
Heap after GC invocations=18394 (full 51):
 PSYoungGen      total 1363456K, used 450K [0x000000076cb00000, 0x00000007c0000000, 0x00000007c0000000)
  eden space 1361920K, 0% used [0x000000076cb00000,0x000000076cb00000,0x00000007bfd00000)
  from space 1536K, 29% used [0x00000007bfd00000,0x00000007bfd708b0,0x00000007bfe80000)
  to   space 1536K, 0% used [0x00000007bfe80000,0x00000007bfe80000,0x00000007c0000000)
 ParOldGen       total 295936K, used 207711K [0x00000006c6000000, 0x00000006d8100000, 0x000000076cb00000)
  object space 295936K, 70% used [0x00000006c6000000,0x00000006d2ad7d20,0x00000006d8100000)
 Metaspace       used 20191K, capacity 20476K, committed 20864K, reserved 1067008K
  class space    used 2363K, capacity 2422K, committed 2432K, reserved 1048576K
}

