# JRE version: Java(TM) SE Runtime Environment (8.0_25-b17) (build 1.8.0_25-b17)
# Java VM: Java HotSpot(TM) 64-Bit Server VM (25.25-b02 mixed mode bsd-amd64 compressed oops)
Heap:
 PSYoungGen      total 1128448K, used 679602K [0x000000076cb00000, 0x00000007bfe00000, 0x00000007c0000000)
  eden space 896000K, 52% used [0x000000076cb00000,0x00000007896ab420,0x00000007a3600000)
  from space 232448K, 89% used [0x00000007a3600000,0x00000007b02014e0,0x00000007b1900000)
  to   space 231936K, 0% used [0x00000007b1b80000,0x00000007b1b80000,0x00000007bfe00000)
 ParOldGen       total 1071104K, used 807128K [0x00000006c6000000, 0x0000000707600000, 0x000000076cb00000)
  object space 1071104K, 75% used [0x00000006c6000000,0x00000006f74362a8,0x0000000707600000)
 Metaspace       used 24524K, capacity 24780K, committed 25088K, reserved 1071104K
  class space    used 2730K, capacity 2782K, committed 2816K, reserved 1048576K
GC Heap History (10 events):
Event: 1488.107 GC heap before
{Heap before GC invocations=201 (full 12):
 PSYoungGen      total 1131008K, used 1109573K [0x000000076cb00000, 0x00000007bfc80000, 0x00000007c0000000)
  eden space 900608K, 100% used [0x000000076cb00000,0x00000007a3a80000,0x00000007a3a80000)
  from space 230400K, 90% used [0x00000007b1b80000,0x00000007be7914e0,0x00000007bfc80000)
  to   space 230400K, 0% used [0x00000007a3a80000,0x00000007a3a80000,0x00000007b1b80000)
 ParOldGen       total 1071104K, used 807128K [0x00000006c6000000, 0x0000000707600000, 0x000000076cb00000)
  object space 1071104K, 75% used [0x00000006c6000000,0x00000006f74362a8,0x0000000707600000)
 Metaspace       used 24524K, capacity 24780K, committed 25088K, reserved 1071104K
  class space    used 2730K, capacity 2782K, committed 2816K, reserved 1048576K
Event: 1488.211 GC heap after
Heap after GC invocations=201 (full 12):
 PSYoungGen      total 1126912K, used 225817K [0x000000076cb00000, 0x00000007c0000000, 0x00000007c0000000)
  eden space 900608K, 0% used [0x000000076cb00000,0x000000076cb00000,0x00000007a3a80000)
  from space 226304K, 99% used [0x00000007a3a80000,0x00000007b1706608,0x00000007b1780000)
  to   space 236032K, 0% used [0x00000007b1980000,0x00000007b1980000,0x00000007c0000000)
 ParOldGen       total 1071104K, used 807128K [0x00000006c6000000, 0x0000000707600000, 0x000000076cb00000)
  object space 1071104K, 75% used [0x00000006c6000000,0x00000006f74362a8,0x0000000707600000)
 Metaspace       used 24524K, capacity 24780K, committed 25088K, reserved 1071104K
  class space    used 2730K, capacity 2782K, committed 2816K, reserved 1048576K
}
Event: 1514.202 GC heap before
{Heap before GC invocations=202 (full 12):
 PSYoungGen      total 1126912K, used 1122792K [0x000000076cb00000, 0x00000007c0000000, 0x00000007c0000000)
  eden space 900608K, 99% used [0x000000076cb00000,0x00000007a36f3b00,0x00000007a3a80000)
  from space 226304K, 99% used [0x00000007a3a80000,0x00000007b1706608,0x00000007b1780000)
  to   space 236032K, 0% used [0x00000007b1980000,0x00000007b1980000,0x00000007c0000000)
 ParOldGen       total 1071104K, used 807128K [0x00000006c6000000, 0x0000000707600000, 0x000000076cb00000)
  object space 1071104K, 75% used [0x00000006c6000000,0x00000006f74362a8,0x0000000707600000)
 Metaspace       used 24524K, capacity 24780K, committed 25088K, reserved 1071104K
  class space    used 2730K, capacity 2782K, committed 2816K, reserved 1048576K
Event: 1514.506 GC heap after
Heap after GC invocations=202 (full 12):
 PSYoungGen      total 1131008K, used 200514K [0x000000076cb00000, 0x00000007c0000000, 0x00000007c0000000)
  eden space 894976K, 0% used [0x000000076cb00000,0x000000076cb00000,0x00000007a3500000)
  from space 236032K, 84% used [0x00000007b1980000,0x00000007bdd508e0,0x00000007c0000000)
  to   space 233984K, 0% used [0x00000007a3500000,0x00000007a3500000,0x00000007b1980000)
 ParOldGen       total 1071104K, used 807128K [0x00000006c6000000, 0x0000000707600000, 0x000000076cb00000)
  object space 1071104K, 75% used [0x00000006c6000000,0x00000006f74362a8,0x0000000707600000)
 Metaspace       used 24524K, capacity 24780K, committed 25088K, reserved 1071104K
  class space    used 2730K, capacity 2782K, committed 2816K, reserved 1048576K
}
Event: 1542.355 GC heap before
{Heap before GC invocations=203 (full 12):
 PSYoungGen      total 1131008K, used 1095490K [0x000000076cb00000, 0x00000007c0000000, 0x00000007c0000000)
  eden space 894976K, 100% used [0x000000076cb00000,0x00000007a3500000,0x00000007a3500000)
  from space 236032K, 84% used [0x00000007b1980000,0x00000007bdd508e0,0x00000007c0000000)
  to   space 233984K, 0% used [0x00000007a3500000,0x00000007a3500000,0x00000007b1980000)
 ParOldGen       total 1071104K, used 807128K [0x00000006c6000000, 0x0000000707600000, 0x000000076cb00000)
  object space 1071104K, 75% used [0x00000006c6000000,0x00000006f74362a8,0x0000000707600000)
 Metaspace       used 24524K, capacity 24780K, committed 25088K, reserved 1071104K
  class space    used 2730K, capacity 2782K, committed 2816K, reserved 1048576K
Event: 1542.395 GC heap after
Heap after GC invocations=203 (full 12):
 PSYoungGen      total 1087488K, used 192290K [0x000000076cb00000, 0x00000007bfd00000, 0x00000007c0000000)
  eden space 894976K, 0% used [0x000000076cb00000,0x000000076cb00000,0x00000007a3500000)
  from space 192512K, 99% used [0x00000007a3500000,0x00000007af0c8a30,0x00000007af100000)
  to   space 233472K, 0% used [0x00000007b1900000,0x00000007b1900000,0x00000007bfd00000)
 ParOldGen       total 1071104K, used 807128K [0x00000006c6000000, 0x0000000707600000, 0x000000076cb00000)
  object space 1071104K, 75% used [0x00000006c6000000,0x00000006f74362a8,0x0000000707600000)
 Metaspace       used 24524K, capacity 24780K, committed 25088K, reserved 1071104K
  class space    used 2730K, capacity 2782K, committed 2816K, reserved 1048576K
}
Event: 1567.671 GC heap before
{Heap before GC invocations=204 (full 12):
 PSYoungGen      total 1087488K, used 1086473K [0x000000076cb00000, 0x00000007bfd00000, 0x00000007c0000000)
  eden space 894976K, 99% used [0x000000076cb00000,0x00000007a3439c48,0x00000007a3500000)
  from space 192512K, 99% used [0x00000007a3500000,0x00000007af0c8a30,0x00000007af100000)
  to   space 233472K, 0% used [0x00000007b1900000,0x00000007b1900000,0x00000007bfd00000)
 ParOldGen       total 1071104K, used 807128K [0x00000006c6000000, 0x0000000707600000, 0x000000076cb00000)
  object space 1071104K, 75% used [0x00000006c6000000,0x00000006f74362a8,0x0000000707600000)
 Metaspace       used 24524K, capacity 24780K, committed 25088K, reserved 1071104K
  class space    used 2730K, capacity 2782K, committed 2816K, reserved 1048576K
Event: 1567.695 GC heap after
Heap after GC invocations=204 (full 12):
 PSYoungGen      total 1129472K, used 192113K [0x000000076cb00000, 0x00000007c0000000, 0x00000007c0000000)
  eden space 896000K, 0% used [0x000000076cb00000,0x000000076cb00000,0x00000007a3600000)
  from space 233472K, 82% used [0x00000007b1900000,0x00000007bd49c7f8,0x00000007bfd00000)
  to   space 232448K, 0% used [0x00000007a3600000,0x00000007a3600000,0x00000007b1900000)
 ParOldGen       total 1071104K, used 807128K [0x00000006c6000000, 0x0000000707600000, 0x000000076cb00000)
  object space 1071104K, 75% used [0x00000006c6000000,0x00000006f74362a8,0x0000000707600000)
 Metaspace       used 24524K, capacity 24780K, committed 25088K, reserved 1071104K
  class space    used 2730K, capacity 2782K, committed 2816K, reserved 1048576K
}
Event: 1590.506 GC heap before
{Heap before GC invocations=205 (full 12):
 PSYoungGen      total 1129472K, used 1083721K [0x000000076cb00000, 0x00000007c0000000, 0x00000007c0000000)
  eden space 896000K, 99% used [0x000000076cb00000,0x00000007a31b5db8,0x00000007a3600000)
  from space 233472K, 82% used [0x00000007b1900000,0x00000007bd49c7f8,0x00000007bfd00000)
  to   space 232448K, 0% used [0x00000007a3600000,0x00000007a3600000,0x00000007b1900000)
 ParOldGen       total 1071104K, used 807128K [0x00000006c6000000, 0x0000000707600000, 0x000000076cb00000)
  object space 1071104K, 75% used [0x00000006c6000000,0x00000006f74362a8,0x0000000707600000)
 Metaspace       used 24524K, capacity 24780K, committed 25088K, reserved 1071104K
  class space    used 2730K, capacity 2782K, committed 2816K, reserved 1048576K
Event: 1590.532 GC heap after
Heap after GC invocations=205 (full 12):
 PSYoungGen      total 1128448K, used 208901K [0x000000076cb00000, 0x00000007bfe00000, 0x00000007c0000000)
  eden space 896000K, 0% used [0x000000076cb00000,0x000000076cb00000,0x00000007a3600000)
  from space 232448K, 89% used [0x00000007a3600000,0x00000007b02014e0,0x00000007b1900000)
  to   space 231936K, 0% used [0x00000007b1b80000,0x00000007b1b80000,0x00000007bfe00000)
 ParOldGen       total 1071104K, used 807128K [0x00000006c6000000, 0x0000000707600000, 0x000000076cb00000)
  object space 1071104K, 75% used [0x00000006c6000000,0x00000006f74362a8,0x0000000707600000)
 Metaspace       used 24524K, capacity 24780K, committed 25088K, reserved 1071104K
  class space    used 2730K, capacity 2782K, committed 2816K, reserved 1048576K
}

