# JRE version: Java(TM) SE Runtime Environment (8.0_25-b17) (build 1.8.0_25-b17)
# Java VM: Java HotSpot(TM) 64-Bit Server VM (25.25-b02 mixed mode bsd-amd64 compressed oops)
Heap:
 PSYoungGen      total 3942912K, used 2068960K [0x00000006c6000000, 0x00000007bec00000, 0x00000007c0000000)
  eden space 3837952K, 53% used [0x00000006c6000000,0x000000074376ea30,0x00000007b0400000)
  from space 104960K, 12% used [0x00000007b8580000,0x00000007b92896c8,0x00000007bec00000)
  to   space 118784K, 0% used [0x00000007b0400000,0x00000007b0400000,0x00000007b7800000)
 ParOldGen       total 2603008K, used 2195003K [0x00000004d2000000, 0x0000000570e00000, 0x00000006c6000000)
  object space 2603008K, 84% used [0x00000004d2000000,0x0000000557f8ef18,0x0000000570e00000)
 Metaspace       used 36604K, capacity 36904K, committed 37376K, reserved 1083392K
  class space    used 3993K, capacity 4064K, committed 4096K, reserved 1048576K
GC Heap History (10 events):
Event: 112768.345 GC heap before
{Heap before GC invocations=2663 (full 757):
 PSYoungGen      total 3906560K, used 3755805K [0x00000006c6000000, 0x00000007bfe80000, 0x00000007c0000000)
  eden space 3741696K, 100% used [0x00000006c6000000,0x00000007aa600000,0x00000007aa600000)
  from space 164864K, 8% used [0x00000007aa600000,0x00000007ab3c7720,0x00000007b4700000)
  to   space 156672K, 0% used [0x00000007b6580000,0x00000007b6580000,0x00000007bfe80000)
 ParOldGen       total 2603008K, used 2194491K [0x00000004d2000000, 0x0000000570e00000, 0x00000006c6000000)
  object space 2603008K, 84% used [0x00000004d2000000,0x0000000557f0ef18,0x0000000570e00000)
 Metaspace       used 36604K, capacity 36904K, committed 37376K, reserved 1083392K
  class space    used 3993K, capacity 4064K, committed 4096K, reserved 1048576K
Event: 112768.370 GC heap after
Heap after GC invocations=2663 (full 757):
 PSYoungGen      total 3908096K, used 13040K [0x00000006c6000000, 0x00000007be800000, 0x00000007c0000000)
  eden space 3774464K, 0% used [0x00000006c6000000,0x00000006c6000000,0x00000007ac600000)
  from space 133632K, 9% used [0x00000007b6580000,0x00000007b723c300,0x00000007be800000)
  to   space 148480K, 0% used [0x00000007ac600000,0x00000007ac600000,0x00000007b5700000)
 ParOldGen       total 2603008K, used 2194531K [0x00000004d2000000, 0x0000000570e00000, 0x00000006c6000000)
  object space 2603008K, 84% used [0x00000004d2000000,0x0000000557f18f18,0x0000000570e00000)
 Metaspace       used 36604K, capacity 36904K, committed 37376K, reserved 1083392K
  class space    used 3993K, capacity 4064K, committed 4096K, reserved 1048576K
}
Event: 112771.017 GC heap before
{Heap before GC invocations=2664 (full 757):
 PSYoungGen      total 3908096K, used 3787504K [0x00000006c6000000, 0x00000007be800000, 0x00000007c0000000)
  eden space 3774464K, 100% used [0x00000006c6000000,0x00000007ac600000,0x00000007ac600000)
  from space 133632K, 9% used [0x00000007b6580000,0x00000007b723c300,0x00000007be800000)
  to   space 148480K, 0% used [0x00000007ac600000,0x00000007ac600000,0x00000007b5700000)
 ParOldGen       total 2603008K, used 2194531K [0x00000004d2000000, 0x0000000570e00000, 0x00000006c6000000)
  object space 2603008K, 84% used [0x00000004d2000000,0x0000000557f18f18,0x0000000570e00000)
 Metaspace       used 36604K, capacity 36904K, committed 37376K, reserved 1083392K
  class space    used 3993K, capacity 4064K, committed 4096K, reserved 1048576K
Event: 112771.055 GC heap after
Heap after GC invocations=2664 (full 757):
 PSYoungGen      total 3922944K, used 15529K [0x00000006c6000000, 0x00000007bfe80000, 0x00000007c0000000)
  eden space 3774464K, 0% used [0x00000006c6000000,0x00000006c6000000,0x00000007ac600000)
  from space 148480K, 10% used [0x00000007ac600000,0x00000007ad52a4b0,0x00000007b5700000)
  to   space 140288K, 0% used [0x00000007b7580000,0x00000007b7580000,0x00000007bfe80000)
 ParOldGen       total 2603008K, used 2194715K [0x00000004d2000000, 0x0000000570e00000, 0x00000006c6000000)
  object space 2603008K, 84% used [0x00000004d2000000,0x0000000557f46f18,0x0000000570e00000)
 Metaspace       used 36604K, capacity 36904K, committed 37376K, reserved 1083392K
  class space    used 3993K, capacity 4064K, committed 4096K, reserved 1048576K
}
Event: 112774.479 GC heap before
{Heap before GC invocations=2665 (full 757):
 PSYoungGen      total 3922944K, used 3789993K [0x00000006c6000000, 0x00000007bfe80000, 0x00000007c0000000)
  eden space 3774464K, 100% used [0x00000006c6000000,0x00000007ac600000,0x00000007ac600000)
  from space 148480K, 10% used [0x00000007ac600000,0x00000007ad52a4b0,0x00000007b5700000)
  to   space 140288K, 0% used [0x00000007b7580000,0x00000007b7580000,0x00000007bfe80000)
 ParOldGen       total 2603008K, used 2194715K [0x00000004d2000000, 0x0000000570e00000, 0x00000006c6000000)
  object space 2603008K, 84% used [0x00000004d2000000,0x0000000557f46f18,0x0000000570e00000)
 Metaspace       used 36604K, capacity 36904K, committed 37376K, reserved 1083392K
  class space    used 3993K, capacity 4064K, committed 4096K, reserved 1048576K
Event: 112774.503 GC heap after
Heap after GC invocations=2665 (full 757):
 PSYoungGen      total 3925504K, used 13204K [0x00000006c6000000, 0x00000007be900000, 0x00000007c0000000)
  eden space 3807232K, 0% used [0x00000006c6000000,0x00000006c6000000,0x00000007ae600000)
  from space 118272K, 11% used [0x00000007b7580000,0x00000007b8265020,0x00000007be900000)
  to   space 132608K, 0% used [0x00000007ae600000,0x00000007ae600000,0x00000007b6780000)
 ParOldGen       total 2603008K, used 2194923K [0x00000004d2000000, 0x0000000570e00000, 0x00000006c6000000)
  object space 2603008K, 84% used [0x00000004d2000000,0x0000000557f7af18,0x0000000570e00000)
 Metaspace       used 36604K, capacity 36904K, committed 37376K, reserved 1083392K
  class space    used 3993K, capacity 4064K, committed 4096K, reserved 1048576K
}
Event: 112777.910 GC heap before
{Heap before GC invocations=2666 (full 757):
 PSYoungGen      total 3925504K, used 3820436K [0x00000006c6000000, 0x00000007be900000, 0x00000007c0000000)
  eden space 3807232K, 100% used [0x00000006c6000000,0x00000007ae600000,0x00000007ae600000)
  from space 118272K, 11% used [0x00000007b7580000,0x00000007b8265020,0x00000007be900000)
  to   space 132608K, 0% used [0x00000007ae600000,0x00000007ae600000,0x00000007b6780000)
 ParOldGen       total 2603008K, used 2194923K [0x00000004d2000000, 0x0000000570e00000, 0x00000006c6000000)
  object space 2603008K, 84% used [0x00000004d2000000,0x0000000557f7af18,0x0000000570e00000)
 Metaspace       used 36604K, capacity 36904K, committed 37376K, reserved 1083392K
  class space    used 3993K, capacity 4064K, committed 4096K, reserved 1048576K
Event: 112777.935 GC heap after
Heap after GC invocations=2666 (full 757):
 PSYoungGen      total 3939840K, used 12722K [0x00000006c6000000, 0x00000007c0000000, 0x00000007c0000000)
  eden space 3807232K, 0% used [0x00000006c6000000,0x00000006c6000000,0x00000007ae600000)
  from space 132608K, 9% used [0x00000007ae600000,0x00000007af26cbe0,0x00000007b6780000)
  to   space 125440K, 0% used [0x00000007b8580000,0x00000007b8580000,0x00000007c0000000)
 ParOldGen       total 2603008K, used 2194971K [0x00000004d2000000, 0x0000000570e00000, 0x00000006c6000000)
  object space 2603008K, 84% used [0x00000004d2000000,0x0000000557f86f18,0x0000000570e00000)
 Metaspace       used 36604K, capacity 36904K, committed 37376K, reserved 1083392K
  class space    used 3993K, capacity 4064K, committed 4096K, reserved 1048576K
}
Event: 112781.437 GC heap before
{Heap before GC invocations=2667 (full 757):
 PSYoungGen      total 3939840K, used 3819954K [0x00000006c6000000, 0x00000007c0000000, 0x00000007c0000000)
  eden space 3807232K, 100% used [0x00000006c6000000,0x00000007ae600000,0x00000007ae600000)
  from space 132608K, 9% used [0x00000007ae600000,0x00000007af26cbe0,0x00000007b6780000)
  to   space 125440K, 0% used [0x00000007b8580000,0x00000007b8580000,0x00000007c0000000)
 ParOldGen       total 2603008K, used 2194971K [0x00000004d2000000, 0x0000000570e00000, 0x00000006c6000000)
  object space 2603008K, 84% used [0x00000004d2000000,0x0000000557f86f18,0x0000000570e00000)
 Metaspace       used 36604K, capacity 36904K, committed 37376K, reserved 1083392K
  class space    used 3993K, capacity 4064K, committed 4096K, reserved 1048576K
Event: 112781.460 GC heap after
Heap after GC invocations=2667 (full 757):
 PSYoungGen      total 3942912K, used 13349K [0x00000006c6000000, 0x00000007bec00000, 0x00000007c0000000)
  eden space 3837952K, 0% used [0x00000006c6000000,0x00000006c6000000,0x00000007b0400000)
  from space 104960K, 12% used [0x00000007b8580000,0x00000007b92896c8,0x00000007bec00000)
  to   space 118784K, 0% used [0x00000007b0400000,0x00000007b0400000,0x00000007b7800000)
 ParOldGen       total 2603008K, used 2195003K [0x00000004d2000000, 0x0000000570e00000, 0x00000006c6000000)
  object space 2603008K, 84% used [0x00000004d2000000,0x0000000557f8ef18,0x0000000570e00000)
 Metaspace       used 36604K, capacity 36904K, committed 37376K, reserved 1083392K
  class space    used 3993K, capacity 4064K, committed 4096K, reserved 1048576K
}

