# JRE version: Java(TM) SE Runtime Environment (8.0_25-b17) (build 1.8.0_25-b17)
# Java VM: Java HotSpot(TM) 64-Bit Server VM (25.25-b02 mixed mode bsd-amd64 compressed oops)
Heap:
 PSYoungGen      total 418816K, used 110556K [0x00000006c6000000, 0x00000006fb680000, 0x00000007c0000000)
  eden space 357376K, 13% used [0x00000006c6000000,0x00000006c8fff560,0x00000006dbd00000)
  from space 61440K, 99% used [0x00000006f7a80000,0x00000006fb677d90,0x00000006fb680000)
  to   space 113664K, 0% used [0x00000006ed880000,0x00000006ed880000,0x00000006f4780000)
 ParOldGen       total 2092032K, used 1630576K [0x00000004d2000000, 0x0000000551b00000, 0x00000006c6000000)
  object space 2092032K, 77% used [0x00000004d2000000,0x000000053585c278,0x0000000551b00000)
 Metaspace       used 28730K, capacity 29000K, committed 29184K, reserved 1075200K
  class space    used 2966K, capacity 3056K, committed 3072K, reserved 1048576K
GC Heap History (10 events):
Event: 10276.375 GC heap before
{Heap before GC invocations=883 (full 264):
 PSYoungGen      total 275456K, used 262750K [0x00000006c6000000, 0x0000000704880000, 0x00000007c0000000)
  eden space 264704K, 99% used [0x00000006c6000000,0x00000006d6097a98,0x00000006d6280000)
  from space 10752K, 0% used [0x0000000703e00000,0x0000000703e00000,0x0000000704880000)
  to   space 96256K, 0% used [0x00000006f8c80000,0x00000006f8c80000,0x00000006fea80000)
 ParOldGen       total 1899008K, used 1584437K [0x00000004d2000000, 0x0000000545e80000, 0x00000006c6000000)
  object space 1899008K, 83% used [0x00000004d2000000,0x0000000532b4d7d0,0x0000000545e80000)
 Metaspace       used 28720K, capacity 29000K, committed 29184K, reserved 1075200K
  class space    used 2966K, capacity 3056K, committed 3072K, reserved 1048576K
Event: 10276.465 GC heap after
Heap after GC invocations=883 (full 264):
 PSYoungGen      total 402432K, used 94070K [0x00000006c6000000, 0x0000000703e80000, 0x00000007c0000000)
  eden space 308224K, 0% used [0x00000006c6000000,0x00000006c6000000,0x00000006d8d00000)
  from space 94208K, 99% used [0x00000006f8c80000,0x00000006fe85daa8,0x00000006fe880000)
  to   space 88064K, 0% used [0x00000006fe880000,0x00000006fe880000,0x0000000703e80000)
 ParOldGen       total 2033152K, used 2007981K [0x00000004d2000000, 0x000000054e180000, 0x00000006c6000000)
  object space 2033152K, 98% used [0x00000004d2000000,0x000000054c8eb770,0x000000054e180000)
 Metaspace       used 28720K, capacity 29000K, committed 29184K, reserved 1075200K
  class space    used 2966K, capacity 3056K, committed 3072K, reserved 1048576K
}
Event: 10276.465 GC heap before
{Heap before GC invocations=884 (full 265):
 PSYoungGen      total 402432K, used 94070K [0x00000006c6000000, 0x0000000703e80000, 0x00000007c0000000)
  eden space 308224K, 0% used [0x00000006c6000000,0x00000006c6000000,0x00000006d8d00000)
  from space 94208K, 99% used [0x00000006f8c80000,0x00000006fe85daa8,0x00000006fe880000)
  to   space 88064K, 0% used [0x00000006fe880000,0x00000006fe880000,0x0000000703e80000)
 ParOldGen       total 2033152K, used 2007981K [0x00000004d2000000, 0x000000054e180000, 0x00000006c6000000)
  object space 2033152K, 98% used [0x00000004d2000000,0x000000054c8eb770,0x000000054e180000)
 Metaspace       used 28720K, capacity 29000K, committed 29184K, reserved 1075200K
  class space    used 2966K, capacity 3056K, committed 3072K, reserved 1048576K
Event: 10276.639 GC heap after
Heap after GC invocations=884 (full 265):
 PSYoungGen      total 402432K, used 0K [0x00000006c6000000, 0x0000000703e80000, 0x00000007c0000000)
  eden space 308224K, 0% used [0x00000006c6000000,0x00000006c6000000,0x00000006d8d00000)
  from space 94208K, 0% used [0x00000006f8c80000,0x00000006f8c80000,0x00000006fe880000)
  to   space 88064K, 0% used [0x00000006fe880000,0x00000006fe880000,0x0000000703e80000)
 ParOldGen       total 2092032K, used 1630576K [0x00000004d2000000, 0x0000000551b00000, 0x00000006c6000000)
  object space 2092032K, 77% used [0x00000004d2000000,0x000000053585c278,0x0000000551b00000)
 Metaspace       used 28720K, capacity 29000K, committed 29184K, reserved 1075200K
  class space    used 2966K, capacity 3056K, committed 3072K, reserved 1048576K
}
Event: 10348.916 GC heap before
{Heap before GC invocations=885 (full 265):
 PSYoungGen      total 402432K, used 307897K [0x00000006c6000000, 0x0000000703e80000, 0x00000007c0000000)
  eden space 308224K, 99% used [0x00000006c6000000,0x00000006d8cae4e0,0x00000006d8d00000)
  from space 94208K, 0% used [0x00000006f8c80000,0x00000006f8c80000,0x00000006fe880000)
  to   space 88064K, 0% used [0x00000006fe880000,0x00000006fe880000,0x0000000703e80000)
 ParOldGen       total 2092032K, used 1630576K [0x00000004d2000000, 0x0000000551b00000, 0x00000006c6000000)
  object space 2092032K, 77% used [0x00000004d2000000,0x000000053585c278,0x0000000551b00000)
 Metaspace       used 28728K, capacity 29000K, committed 29184K, reserved 1075200K
  class space    used 2966K, capacity 3056K, committed 3072K, reserved 1048576K
Event: 10348.925 GC heap after
Heap after GC invocations=885 (full 265):
 PSYoungGen      total 385536K, used 58332K [0x00000006c6000000, 0x0000000702180000, 0x00000007c0000000)
  eden space 327168K, 0% used [0x00000006c6000000,0x00000006c6000000,0x00000006d9f80000)
  from space 58368K, 99% used [0x00000006fe880000,0x00000007021773c8,0x0000000702180000)
  to   space 114176K, 0% used [0x00000006f4280000,0x00000006f4280000,0x00000006fb200000)
 ParOldGen       total 2092032K, used 1630576K [0x00000004d2000000, 0x0000000551b00000, 0x00000006c6000000)
  object space 2092032K, 77% used [0x00000004d2000000,0x000000053585c278,0x0000000551b00000)
 Metaspace       used 28728K, capacity 29000K, committed 29184K, reserved 1075200K
  class space    used 2966K, capacity 3056K, committed 3072K, reserved 1048576K
}
Event: 10375.771 GC heap before
{Heap before GC invocations=886 (full 265):
 PSYoungGen      total 385536K, used 385500K [0x00000006c6000000, 0x0000000702180000, 0x00000007c0000000)
  eden space 327168K, 100% used [0x00000006c6000000,0x00000006d9f80000,0x00000006d9f80000)
  from space 58368K, 99% used [0x00000006fe880000,0x00000007021773c8,0x0000000702180000)
  to   space 114176K, 0% used [0x00000006f4280000,0x00000006f4280000,0x00000006fb200000)
 ParOldGen       total 2092032K, used 1630576K [0x00000004d2000000, 0x0000000551b00000, 0x00000006c6000000)
  object space 2092032K, 77% used [0x00000004d2000000,0x000000053585c278,0x0000000551b00000)
 Metaspace       used 28730K, capacity 29000K, committed 29184K, reserved 1075200K
  class space    used 2966K, capacity 3056K, committed 3072K, reserved 1048576K
Event: 10375.780 GC heap after
Heap after GC invocations=886 (full 265):
 PSYoungGen      total 399360K, used 55551K [0x00000006c6000000, 0x00000006fe900000, 0x00000007c0000000)
  eden space 343552K, 0% used [0x00000006c6000000,0x00000006c6000000,0x00000006daf80000)
  from space 55808K, 99% used [0x00000006f4280000,0x00000006f78bfc40,0x00000006f7900000)
  to   space 113152K, 0% used [0x00000006f7a80000,0x00000006f7a80000,0x00000006fe900000)
 ParOldGen       total 2092032K, used 1630576K [0x00000004d2000000, 0x0000000551b00000, 0x00000006c6000000)
  object space 2092032K, 77% used [0x00000004d2000000,0x000000053585c278,0x0000000551b00000)
 Metaspace       used 28730K, capacity 29000K, committed 29184K, reserved 1075200K
  class space    used 2966K, capacity 3056K, committed 3072K, reserved 1048576K
}
Event: 10399.182 GC heap before
{Heap before GC invocations=887 (full 265):
 PSYoungGen      total 399360K, used 395397K [0x00000006c6000000, 0x00000006fe900000, 0x00000007c0000000)
  eden space 343552K, 98% used [0x00000006c6000000,0x00000006dabe1910,0x00000006daf80000)
  from space 55808K, 99% used [0x00000006f4280000,0x00000006f78bfc40,0x00000006f7900000)
  to   space 113152K, 0% used [0x00000006f7a80000,0x00000006f7a80000,0x00000006fe900000)
 ParOldGen       total 2092032K, used 1630576K [0x00000004d2000000, 0x0000000551b00000, 0x00000006c6000000)
  object space 2092032K, 77% used [0x00000004d2000000,0x000000053585c278,0x0000000551b00000)
 Metaspace       used 28730K, capacity 29000K, committed 29184K, reserved 1075200K
  class space    used 2966K, capacity 3056K, committed 3072K, reserved 1048576K
Event: 10399.203 GC heap after
Heap after GC invocations=887 (full 265):
 PSYoungGen      total 418816K, used 61407K [0x00000006c6000000, 0x00000006fb680000, 0x00000007c0000000)
  eden space 357376K, 0% used [0x00000006c6000000,0x00000006c6000000,0x00000006dbd00000)
  from space 61440K, 99% used [0x00000006f7a80000,0x00000006fb677d90,0x00000006fb680000)
  to   space 113664K, 0% used [0x00000006ed880000,0x00000006ed880000,0x00000006f4780000)
 ParOldGen       total 2092032K, used 1630576K [0x00000004d2000000, 0x0000000551b00000, 0x00000006c6000000)
  object space 2092032K, 77% used [0x00000004d2000000,0x000000053585c278,0x0000000551b00000)
 Metaspace       used 28730K, capacity 29000K, committed 29184K, reserved 1075200K
  class space    used 2966K, capacity 3056K, committed 3072K, reserved 1048576K
}

