# JRE version: Java(TM) SE Runtime Environment (8.0_25-b17) (build 1.8.0_25-b17)
# Java VM: Java HotSpot(TM) 64-Bit Server VM (25.25-b02 mixed mode bsd-amd64 compressed oops)
Heap:
 PSYoungGen      total 1363456K, used 1362964K [0x000000076cb00000, 0x00000007c0000000, 0x00000007c0000000)
  eden space 1361920K, 100% used [0x000000076cb00000,0x00000007bfd00000,0x00000007bfd00000)
  from space 1536K, 68% used [0x00000007bfd00000,0x00000007bfe05398,0x00000007bfe80000)
  to   space 1536K, 0% used [0x00000007bfe80000,0x00000007bfe80000,0x00000007c0000000)
 ParOldGen       total 303616K, used 139939K [0x00000006c6000000, 0x00000006d8880000, 0x000000076cb00000)
  object space 303616K, 46% used [0x00000006c6000000,0x00000006ce8a8fc0,0x00000006d8880000)
 Metaspace       used 20288K, capacity 20472K, committed 20608K, reserved 1067008K
  class space    used 2373K, capacity 2422K, committed 2432K, reserved 1048576K
GC Heap History (10 events):
Event: 546.222 GC heap before
{Heap before GC invocations=17371 (full 50):
 PSYoungGen      total 1363456K, used 1363031K [0x000000076cb00000, 0x00000007c0000000, 0x00000007c0000000)
  eden space 1361920K, 100% used [0x000000076cb00000,0x00000007bfd00000,0x00000007bfd00000)
  from space 1536K, 72% used [0x00000007bfe80000,0x00000007bff95c48,0x00000007c0000000)
  to   space 1536K, 0% used [0x00000007bfd00000,0x00000007bfd00000,0x00000007bfe80000)
 ParOldGen       total 303616K, used 137579K [0x00000006c6000000, 0x00000006d8880000, 0x000000076cb00000)
  object space 303616K, 45% used [0x00000006c6000000,0x00000006ce65ac50,0x00000006d8880000)
 Metaspace       used 20288K, capacity 20472K, committed 20608K, reserved 1067008K
  class space    used 2373K, capacity 2422K, committed 2432K, reserved 1048576K
Event: 546.224 GC heap after
Heap after GC invocations=17371 (full 50):
 PSYoungGen      total 1363456K, used 548K [0x000000076cb00000, 0x00000007c0000000, 0x00000007c0000000)
  eden space 1361920K, 0% used [0x000000076cb00000,0x000000076cb00000,0x00000007bfd00000)
  from space 1536K, 35% used [0x00000007bfd00000,0x00000007bfd89160,0x00000007bfe80000)
  to   space 1536K, 0% used [0x00000007bfe80000,0x00000007bfe80000,0x00000007c0000000)
 ParOldGen       total 303616K, used 138235K [0x00000006c6000000, 0x00000006d8880000, 0x000000076cb00000)
  object space 303616K, 45% used [0x00000006c6000000,0x00000006ce6fed08,0x00000006d8880000)
 Metaspace       used 20288K, capacity 20472K, committed 20608K, reserved 1067008K
  class space    used 2373K, capacity 2422K, committed 2432K, reserved 1048576K
}
Event: 546.259 GC heap before
{Heap before GC invocations=17372 (full 50):
 PSYoungGen      total 1363456K, used 1362468K [0x000000076cb00000, 0x00000007c0000000, 0x00000007c0000000)
  eden space 1361920K, 100% used [0x000000076cb00000,0x00000007bfd00000,0x00000007bfd00000)
  from space 1536K, 35% used [0x00000007bfd00000,0x00000007bfd89160,0x00000007bfe80000)
  to   space 1536K, 0% used [0x00000007bfe80000,0x00000007bfe80000,0x00000007c0000000)
 ParOldGen       total 303616K, used 138243K [0x00000006c6000000, 0x00000006d8880000, 0x000000076cb00000)
  object space 303616K, 45% used [0x00000006c6000000,0x00000006ce700e18,0x00000006d8880000)
 Metaspace       used 20288K, capacity 20472K, committed 20608K, reserved 1067008K
  class space    used 2373K, capacity 2422K, committed 2432K, reserved 1048576K
Event: 546.260 GC heap after
Heap after GC invocations=17372 (full 50):
 PSYoungGen      total 1363456K, used 870K [0x000000076cb00000, 0x00000007c0000000, 0x00000007c0000000)
  eden space 1361920K, 0% used [0x000000076cb00000,0x000000076cb00000,0x00000007bfd00000)
  from space 1536K, 56% used [0x00000007bfe80000,0x00000007bff59a10,0x00000007c0000000)
  to   space 1536K, 0% used [0x00000007bfd00000,0x00000007bfd00000,0x00000007bfe80000)
 ParOldGen       total 303616K, used 138582K [0x00000006c6000000, 0x00000006d8880000, 0x000000076cb00000)
  object space 303616K, 45% used [0x00000006c6000000,0x00000006ce755900,0x00000006d8880000)
 Metaspace       used 20288K, capacity 20472K, committed 20608K, reserved 1067008K
  class space    used 2373K, capacity 2422K, committed 2432K, reserved 1048576K
}
Event: 546.296 GC heap before
{Heap before GC invocations=17373 (full 50):
 PSYoungGen      total 1363456K, used 1362790K [0x000000076cb00000, 0x00000007c0000000, 0x00000007c0000000)
  eden space 1361920K, 100% used [0x000000076cb00000,0x00000007bfd00000,0x00000007bfd00000)
  from space 1536K, 56% used [0x00000007bfe80000,0x00000007bff59a10,0x00000007c0000000)
  to   space 1536K, 0% used [0x00000007bfd00000,0x00000007bfd00000,0x00000007bfe80000)
 ParOldGen       total 303616K, used 138582K [0x00000006c6000000, 0x00000006d8880000, 0x000000076cb00000)
  object space 303616K, 45% used [0x00000006c6000000,0x00000006ce755900,0x00000006d8880000)
 Metaspace       used 20288K, capacity 20472K, committed 20608K, reserved 1067008K
  class space    used 2373K, capacity 2422K, committed 2432K, reserved 1048576K
Event: 546.298 GC heap after
Heap after GC invocations=17373 (full 50):
 PSYoungGen      total 1363456K, used 807K [0x000000076cb00000, 0x00000007c0000000, 0x00000007c0000000)
  eden space 1361920K, 0% used [0x000000076cb00000,0x000000076cb00000,0x00000007bfd00000)
  from space 1536K, 52% used [0x00000007bfd00000,0x00000007bfdc9e80,0x00000007bfe80000)
  to   space 1536K, 0% used [0x00000007bfe80000,0x00000007bfe80000,0x00000007c0000000)
 ParOldGen       total 303616K, used 138982K [0x00000006c6000000, 0x00000006d8880000, 0x000000076cb00000)
  object space 303616K, 45% used [0x00000006c6000000,0x00000006ce7b99b8,0x00000006d8880000)
 Metaspace       used 20288K, capacity 20472K, committed 20608K, reserved 1067008K
  class space    used 2373K, capacity 2422K, committed 2432K, reserved 1048576K
}
Event: 546.329 GC heap before
{Heap before GC invocations=17374 (full 50):
 PSYoungGen      total 1363456K, used 1362727K [0x000000076cb00000, 0x00000007c0000000, 0x00000007c0000000)
  eden space 1361920K, 100% used [0x000000076cb00000,0x00000007bfd00000,0x00000007bfd00000)
  from space 1536K, 52% used [0x00000007bfd00000,0x00000007bfdc9e80,0x00000007bfe80000)
  to   space 1536K, 0% used [0x00000007bfe80000,0x00000007bfe80000,0x00000007c0000000)
 ParOldGen       total 303616K, used 138982K [0x00000006c6000000, 0x00000006d8880000, 0x000000076cb00000)
  object space 303616K, 45% used [0x00000006c6000000,0x00000006ce7b99b8,0x00000006d8880000)
 Metaspace       used 20288K, capacity 20472K, committed 20608K, reserved 1067008K
  class space    used 2373K, capacity 2422K, committed 2432K, reserved 1048576K
Event: 546.330 GC heap after
Heap after GC invocations=17374 (full 50):
 PSYoungGen      total 1363456K, used 647K [0x000000076cb00000, 0x00000007c0000000, 0x00000007c0000000)
  eden space 1361920K, 0% used [0x000000076cb00000,0x000000076cb00000,0x00000007bfd00000)
  from space 1536K, 42% used [0x00000007bfe80000,0x00000007bff21e80,0x00000007c0000000)
  to   space 1536K, 0% used [0x00000007bfd00000,0x00000007bfd00000,0x00000007bfe80000)
 ParOldGen       total 303616K, used 139294K [0x00000006c6000000, 0x00000006d8880000, 0x000000076cb00000)
  object space 303616K, 45% used [0x00000006c6000000,0x00000006ce807a70,0x00000006d8880000)
 Metaspace       used 20288K, capacity 20472K, committed 20608K, reserved 1067008K
  class space    used 2373K, capacity 2422K, committed 2432K, reserved 1048576K
}
Event: 546.357 GC heap before
{Heap before GC invocations=17375 (full 50):
 PSYoungGen      total 1363456K, used 1362567K [0x000000076cb00000, 0x00000007c0000000, 0x00000007c0000000)
  eden space 1361920K, 100% used [0x000000076cb00000,0x00000007bfd00000,0x00000007bfd00000)
  from space 1536K, 42% used [0x00000007bfe80000,0x00000007bff21e80,0x00000007c0000000)
  to   space 1536K, 0% used [0x00000007bfd00000,0x00000007bfd00000,0x00000007bfe80000)
 ParOldGen       total 303616K, used 139294K [0x00000006c6000000, 0x00000006d8880000, 0x000000076cb00000)
  object space 303616K, 45% used [0x00000006c6000000,0x00000006ce807a70,0x00000006d8880000)
 Metaspace       used 20288K, capacity 20472K, committed 20608K, reserved 1067008K
  class space    used 2373K, capacity 2422K, committed 2432K, reserved 1048576K
Event: 546.358 GC heap after
Heap after GC invocations=17375 (full 50):
 PSYoungGen      total 1363456K, used 1044K [0x000000076cb00000, 0x00000007c0000000, 0x00000007c0000000)
  eden space 1361920K, 0% used [0x000000076cb00000,0x000000076cb00000,0x00000007bfd00000)
  from space 1536K, 68% used [0x00000007bfd00000,0x00000007bfe05398,0x00000007bfe80000)
  to   space 1536K, 0% used [0x00000007bfe80000,0x00000007bfe80000,0x00000007c0000000)
 ParOldGen       total 303616K, used 139582K [0x00000006c6000000, 0x00000006d8880000, 0x000000076cb00000)
  object space 303616K, 45% used [0x00000006c6000000,0x00000006ce84fb28,0x00000006d8880000)
 Metaspace       used 20288K, capacity 20472K, committed 20608K, reserved 1067008K
  class space    used 2373K, capacity 2422K, committed 2432K, reserved 1048576K
}

