# JRE version: Java(TM) SE Runtime Environment (8.0_25-b17) (build 1.8.0_25-b17)
# Java VM: Java HotSpot(TM) 64-Bit Server VM (25.25-b02 mixed mode bsd-amd64 compressed oops)
Heap:
 PSYoungGen      total 22016K, used 17412K [0x000000076cb00000, 0x0000000771d00000, 0x00000007c0000000)
  eden space 21504K, 80% used [0x000000076cb00000,0x000000076dc01148,0x000000076e000000)
  from space 512K, 0% used [0x000000076e000000,0x000000076e000000,0x000000076e080000)
  to   space 31232K, 0% used [0x000000076fe80000,0x000000076fe80000,0x0000000771d00000)
 ParOldGen       total 144384K, used 37576K [0x00000006c6000000, 0x00000006ced00000, 0x000000076cb00000)
  object space 144384K, 26% used [0x00000006c6000000,0x00000006c84b2078,0x00000006ced00000)
 Metaspace       used 21278K, capacity 21532K, committed 21760K, reserved 1069056K
  class space    used 2454K, capacity 2532K, committed 2560K, reserved 1048576K
GC Heap History (10 events):
Event: 198.427 GC heap before
{Heap before GC invocations=57 (full 7):
 PSYoungGen      total 25088K, used 21504K [0x000000076cb00000, 0x0000000772600000, 0x00000007c0000000)
  eden space 21504K, 100% used [0x000000076cb00000,0x000000076e000000,0x000000076e000000)
  from space 3584K, 0% used [0x000000076e000000,0x000000076e000000,0x000000076e380000)
  to   space 35840K, 0% used [0x0000000770300000,0x0000000770300000,0x0000000772600000)
 ParOldGen       total 144384K, used 54652K [0x00000006c6000000, 0x00000006ced00000, 0x000000076cb00000)
  object space 144384K, 37% used [0x00000006c6000000,0x00000006c955f118,0x00000006ced00000)
 Metaspace       used 21260K, capacity 21532K, committed 21760K, reserved 1069056K
  class space    used 2454K, capacity 2532K, committed 2560K, reserved 1048576K
Event: 198.429 GC heap after
Heap after GC invocations=57 (full 7):
 PSYoungGen      total 56320K, used 14061K [0x000000076cb00000, 0x0000000772500000, 0x00000007c0000000)
  eden space 21504K, 0% used [0x000000076cb00000,0x000000076cb00000,0x000000076e000000)
  from space 34816K, 40% used [0x0000000770300000,0x00000007710bb7d0,0x0000000772500000)
  to   space 35328K, 0% used [0x000000076e000000,0x000000076e000000,0x0000000770280000)
 ParOldGen       total 144384K, used 54652K [0x00000006c6000000, 0x00000006ced00000, 0x000000076cb00000)
  object space 144384K, 37% used [0x00000006c6000000,0x00000006c955f118,0x00000006ced00000)
 Metaspace       used 21260K, capacity 21532K, committed 21760K, reserved 1069056K
  class space    used 2454K, capacity 2532K, committed 2560K, reserved 1048576K
}
Event: 205.445 GC heap before
{Heap before GC invocations=58 (full 7):
 PSYoungGen      total 56320K, used 32885K [0x000000076cb00000, 0x0000000772500000, 0x00000007c0000000)
  eden space 21504K, 87% used [0x000000076cb00000,0x000000076dd61dc0,0x000000076e000000)
  from space 34816K, 40% used [0x0000000770300000,0x00000007710bb7d0,0x0000000772500000)
  to   space 35328K, 0% used [0x000000076e000000,0x000000076e000000,0x0000000770280000)
 ParOldGen       total 144384K, used 54652K [0x00000006c6000000, 0x00000006ced00000, 0x000000076cb00000)
  object space 144384K, 37% used [0x00000006c6000000,0x00000006c955f118,0x00000006ced00000)
 Metaspace       used 21263K, capacity 21532K, committed 21760K, reserved 1069056K
  class space    used 2454K, capacity 2532K, committed 2560K, reserved 1048576K
Event: 205.447 GC heap after
Heap after GC invocations=58 (full 7):
 PSYoungGen      total 22016K, used 160K [0x000000076cb00000, 0x0000000772300000, 0x00000007c0000000)
  eden space 21504K, 0% used [0x000000076cb00000,0x000000076cb00000,0x000000076e000000)
  from space 512K, 31% used [0x000000076e000000,0x000000076e028000,0x000000076e080000)
  to   space 34304K, 0% used [0x0000000770180000,0x0000000770180000,0x0000000772300000)
 ParOldGen       total 144384K, used 63033K [0x00000006c6000000, 0x00000006ced00000, 0x000000076cb00000)
  object space 144384K, 43% used [0x00000006c6000000,0x00000006c9d8e5c8,0x00000006ced00000)
 Metaspace       used 21263K, capacity 21532K, committed 21760K, reserved 1069056K
  class space    used 2454K, capacity 2532K, committed 2560K, reserved 1048576K
}
Event: 210.283 GC heap before
{Heap before GC invocations=59 (full 7):
 PSYoungGen      total 22016K, used 21664K [0x000000076cb00000, 0x0000000772300000, 0x00000007c0000000)
  eden space 21504K, 100% used [0x000000076cb00000,0x000000076e000000,0x000000076e000000)
  from space 512K, 31% used [0x000000076e000000,0x000000076e028000,0x000000076e080000)
  to   space 34304K, 0% used [0x0000000770180000,0x0000000770180000,0x0000000772300000)
 ParOldGen       total 144384K, used 75428K [0x00000006c6000000, 0x00000006ced00000, 0x000000076cb00000)
  object space 144384K, 52% used [0x00000006c6000000,0x00000006ca9a91d8,0x00000006ced00000)
 Metaspace       used 21263K, capacity 21532K, committed 21760K, reserved 1069056K
  class space    used 2454K, capacity 2532K, committed 2560K, reserved 1048576K
Event: 210.288 GC heap after
Heap after GC invocations=59 (full 7):
 PSYoungGen      total 52736K, used 160K [0x000000076cb00000, 0x0000000772000000, 0x00000007c0000000)
  eden space 21504K, 0% used [0x000000076cb00000,0x000000076cb00000,0x000000076e000000)
  from space 31232K, 0% used [0x0000000770180000,0x00000007701a8000,0x0000000772000000)
  to   space 32768K, 0% used [0x000000076e000000,0x000000076e000000,0x0000000770000000)
 ParOldGen       total 144384K, used 75444K [0x00000006c6000000, 0x00000006ced00000, 0x000000076cb00000)
  object space 144384K, 52% used [0x00000006c6000000,0x00000006ca9ad1d8,0x00000006ced00000)
 Metaspace       used 21263K, capacity 21532K, committed 21760K, reserved 1069056K
  class space    used 2454K, capacity 2532K, committed 2560K, reserved 1048576K
}
Event: 213.107 GC heap before
{Heap before GC invocations=60 (full 7):
 PSYoungGen      total 52736K, used 13006K [0x000000076cb00000, 0x0000000772000000, 0x00000007c0000000)
  eden space 21504K, 59% used [0x000000076cb00000,0x000000076d78b848,0x000000076e000000)
  from space 31232K, 0% used [0x0000000770180000,0x00000007701a8000,0x0000000772000000)
  to   space 32768K, 0% used [0x000000076e000000,0x000000076e000000,0x0000000770000000)
 ParOldGen       total 144384K, used 75444K [0x00000006c6000000, 0x00000006ced00000, 0x000000076cb00000)
  object space 144384K, 52% used [0x00000006c6000000,0x00000006ca9ad1d8,0x00000006ced00000)
 Metaspace       used 21265K, capacity 21532K, committed 21760K, reserved 1069056K
  class space    used 2454K, capacity 2532K, committed 2560K, reserved 1048576K
Event: 213.108 GC heap after
Heap after GC invocations=60 (full 7):
 PSYoungGen      total 22016K, used 192K [0x000000076cb00000, 0x0000000771d00000, 0x00000007c0000000)
  eden space 21504K, 0% used [0x000000076cb00000,0x000000076cb00000,0x000000076e000000)
  from space 512K, 37% used [0x000000076e000000,0x000000076e030000,0x000000076e080000)
  to   space 31232K, 0% used [0x000000076fe80000,0x000000076fe80000,0x0000000771d00000)
 ParOldGen       total 144384K, used 75444K [0x00000006c6000000, 0x00000006ced00000, 0x000000076cb00000)
  object space 144384K, 52% used [0x00000006c6000000,0x00000006ca9ad1d8,0x00000006ced00000)
 Metaspace       used 21265K, capacity 21532K, committed 21760K, reserved 1069056K
  class space    used 2454K, capacity 2532K, committed 2560K, reserved 1048576K
}
Event: 213.108 GC heap before
{Heap before GC invocations=61 (full 8):
 PSYoungGen      total 22016K, used 192K [0x000000076cb00000, 0x0000000771d00000, 0x00000007c0000000)
  eden space 21504K, 0% used [0x000000076cb00000,0x000000076cb00000,0x000000076e000000)
  from space 512K, 37% used [0x000000076e000000,0x000000076e030000,0x000000076e080000)
  to   space 31232K, 0% used [0x000000076fe80000,0x000000076fe80000,0x0000000771d00000)
 ParOldGen       total 144384K, used 75444K [0x00000006c6000000, 0x00000006ced00000, 0x000000076cb00000)
  object space 144384K, 52% used [0x00000006c6000000,0x00000006ca9ad1d8,0x00000006ced00000)
 Metaspace       used 21265K, capacity 21532K, committed 21760K, reserved 1069056K
  class space    used 2454K, capacity 2532K, committed 2560K, reserved 1048576K
Event: 213.177 GC heap after
Heap after GC invocations=61 (full 8):
 PSYoungGen      total 22016K, used 0K [0x000000076cb00000, 0x0000000771d00000, 0x00000007c0000000)
  eden space 21504K, 0% used [0x000000076cb00000,0x000000076cb00000,0x000000076e000000)
  from space 512K, 0% used [0x000000076e000000,0x000000076e000000,0x000000076e080000)
  to   space 31232K, 0% used [0x000000076fe80000,0x000000076fe80000,0x0000000771d00000)
 ParOldGen       total 144384K, used 37576K [0x00000006c6000000, 0x00000006ced00000, 0x000000076cb00000)
  object space 144384K, 26% used [0x00000006c6000000,0x00000006c84b2078,0x00000006ced00000)
 Metaspace       used 21265K, capacity 21532K, committed 21760K, reserved 1069056K
  class space    used 2454K, capacity 2532K, committed 2560K, reserved 1048576K
}

